<?xml version="1.0" ?>
<coverage version="7.6.10" timestamp="1735746544001" lines-valid="3" lines-covered="3" line-rate="1" branches-covered="0" branches-valid="0" branch-rate="0" complexity="0">
	<!-- Generated by coverage.py: https://coverage.readthedocs.io/en/7.6.10 -->
	<!-- Based on https://raw.githubusercontent.com/cobertura/web/master/htdocs/xml/coverage-04.dtd -->
	<sources>
		<source>/home/runner/work/simforge_foundry/simforge_foundry</source>
	</sources>
	<packages>
		<package name="simforge_foundry" line-rate="1" branch-rate="0" complexity="0">
			<classes>
				<class name="__init__.py" filename="simforge_foundry/__init__.py" complexity="0" line-rate="1" branch-rate="0">
					<methods/>
					<lines>
						<line number="1" hits="1"/>
					</lines>
				</class>
			</classes>
		</package>
		<package name="simforge_foundry.articulation" line-rate="1" branch-rate="0" complexity="0">
			<classes>
				<class name="__init__.py" filename="simforge_foundry/articulation/__init__.py" complexity="0" line-rate="1" branch-rate="0">
					<methods/>
					<lines/>
				</class>
			</classes>
		</package>
		<package name="simforge_foundry.geometry" line-rate="1" branch-rate="0" complexity="0">
			<classes>
				<class name="__init__.py" filename="simforge_foundry/geometry/__init__.py" complexity="0" line-rate="1" branch-rate="0">
					<methods/>
					<lines/>
				</class>
			</classes>
		</package>
		<package name="simforge_foundry.image" line-rate="1" branch-rate="0" complexity="0">
			<classes>
				<class name="__init__.py" filename="simforge_foundry/image/__init__.py" complexity="0" line-rate="1" branch-rate="0">
					<methods/>
					<lines/>
				</class>
			</classes>
		</package>
		<package name="simforge_foundry.material" line-rate="1" branch-rate="0" complexity="0">
			<classes>
				<class name="__init__.py" filename="simforge_foundry/material/__init__.py" complexity="0" line-rate="1" branch-rate="0">
					<methods/>
					<lines/>
				</class>
			</classes>
		</package>
		<package name="simforge_foundry.model" line-rate="1" branch-rate="0" complexity="0">
			<classes>
				<class name="__init__.py" filename="simforge_foundry/model/__init__.py" complexity="0" line-rate="1" branch-rate="0">
					<methods/>
					<lines/>
				</class>
			</classes>
		</package>
		<package name="tests" line-rate="1" branch-rate="0" complexity="0">
			<classes>
				<class name="import_test.py" filename="tests/import_test.py" complexity="0" line-rate="1" branch-rate="0">
					<methods/>
					<lines>
						<line number="1" hits="1"/>
						<line number="2" hits="1"/>
					</lines>
				</class>
			</classes>
		</package>
	</packages>
</coverage>
